
blink.elf:     file format elf32-littleriscv


Disassembly of section .text:

10000000 <_ftext>:
10000000:	0b00006f          	j	100000b0 <crt_init>
10000004:	00000013          	nop
10000008:	00000013          	nop
1000000c:	00000013          	nop
10000010:	00000013          	nop
10000014:	00000013          	nop
10000018:	00000013          	nop
1000001c:	00000013          	nop

10000020 <trap_entry>:
10000020:	fe112e23          	sw	ra,-4(sp)
10000024:	fe512c23          	sw	t0,-8(sp)
10000028:	fe612a23          	sw	t1,-12(sp)
1000002c:	fe712823          	sw	t2,-16(sp)
10000030:	fea12623          	sw	a0,-20(sp)
10000034:	feb12423          	sw	a1,-24(sp)
10000038:	fec12223          	sw	a2,-28(sp)
1000003c:	fed12023          	sw	a3,-32(sp)
10000040:	fce12e23          	sw	a4,-36(sp)
10000044:	fcf12c23          	sw	a5,-40(sp)
10000048:	fd012a23          	sw	a6,-44(sp)
1000004c:	fd112823          	sw	a7,-48(sp)
10000050:	fdc12623          	sw	t3,-52(sp)
10000054:	fdd12423          	sw	t4,-56(sp)
10000058:	fde12223          	sw	t5,-60(sp)
1000005c:	fdf12023          	sw	t6,-64(sp)
10000060:	fc010113          	addi	sp,sp,-64
10000064:	110000ef          	jal	ra,10000174 <isr>
10000068:	03c12083          	lw	ra,60(sp)
1000006c:	03812283          	lw	t0,56(sp)
10000070:	03412303          	lw	t1,52(sp)
10000074:	03012383          	lw	t2,48(sp)
10000078:	02c12503          	lw	a0,44(sp)
1000007c:	02812583          	lw	a1,40(sp)
10000080:	02412603          	lw	a2,36(sp)
10000084:	02012683          	lw	a3,32(sp)
10000088:	01c12703          	lw	a4,28(sp)
1000008c:	01812783          	lw	a5,24(sp)
10000090:	01412803          	lw	a6,20(sp)
10000094:	01012883          	lw	a7,16(sp)
10000098:	00c12e03          	lw	t3,12(sp)
1000009c:	00812e83          	lw	t4,8(sp)
100000a0:	00412f03          	lw	t5,4(sp)
100000a4:	00012f83          	lw	t6,0(sp)
100000a8:	04010113          	addi	sp,sp,64
100000ac:	30200073          	mret

100000b0 <crt_init>:
100000b0:	40000113          	li	sp,1024
100000b4:	00000517          	auipc	a0,0x0
100000b8:	f6c50513          	addi	a0,a0,-148 # 10000020 <trap_entry>
100000bc:	30551073          	csrw	mtvec,a0

100000c0 <data_init>:
100000c0:	00000513          	li	a0,0
100000c4:	00000593          	li	a1,0
100000c8:	00000617          	auipc	a2,0x0
100000cc:	43860613          	addi	a2,a2,1080 # 10000500 <_etext>

100000d0 <data_loop>:
100000d0:	00b50c63          	beq	a0,a1,100000e8 <bss_init>
100000d4:	00062683          	lw	a3,0(a2)
100000d8:	00d52023          	sw	a3,0(a0)
100000dc:	00450513          	addi	a0,a0,4
100000e0:	00460613          	addi	a2,a2,4
100000e4:	fedff06f          	j	100000d0 <data_loop>

100000e8 <bss_init>:
100000e8:	00000513          	li	a0,0
100000ec:	00800593          	li	a1,8

100000f0 <bss_loop>:
100000f0:	00b50863          	beq	a0,a1,10000100 <bss_done>
100000f4:	00052023          	sw	zero,0(a0)
100000f8:	00450513          	addi	a0,a0,4
100000fc:	ff5ff06f          	j	100000f0 <bss_loop>

10000100 <bss_done>:
10000100:	00001537          	lui	a0,0x1
10000104:	88050513          	addi	a0,a0,-1920 # 880 <_fstack+0x480>
10000108:	30451073          	csrw	mie,a0
1000010c:	248000ef          	jal	ra,10000354 <main>

10000110 <infinit_loop>:
10000110:	0000006f          	j	10000110 <infinit_loop>

10000114 <flush_cpu_icache>:
10000114:	ff010113          	addi	sp,sp,-16
10000118:	00812623          	sw	s0,12(sp)
1000011c:	01010413          	addi	s0,sp,16
10000120:	00000013          	nop
10000124:	00c12403          	lw	s0,12(sp)
10000128:	01010113          	addi	sp,sp,16
1000012c:	00008067          	ret

10000130 <flush_cpu_dcache>:
10000130:	ff010113          	addi	sp,sp,-16
10000134:	00812623          	sw	s0,12(sp)
10000138:	01010413          	addi	s0,sp,16
1000013c:	00000013          	nop
10000140:	00c12403          	lw	s0,12(sp)
10000144:	01010113          	addi	sp,sp,16
10000148:	00008067          	ret

1000014c <irq_setmask>:
1000014c:	fe010113          	addi	sp,sp,-32
10000150:	00812e23          	sw	s0,28(sp)
10000154:	02010413          	addi	s0,sp,32
10000158:	fea42623          	sw	a0,-20(s0)
1000015c:	fec42783          	lw	a5,-20(s0)
10000160:	bc079073          	csrw	0xbc0,a5
10000164:	00000013          	nop
10000168:	01c12403          	lw	s0,28(sp)
1000016c:	02010113          	addi	sp,sp,32
10000170:	00008067          	ret

10000174 <isr>:
10000174:	ff010113          	addi	sp,sp,-16
10000178:	00112623          	sw	ra,12(sp)
1000017c:	00812423          	sw	s0,8(sp)
10000180:	01010413          	addi	s0,sp,16
10000184:	00000513          	li	a0,0
10000188:	fc5ff0ef          	jal	ra,1000014c <irq_setmask>
1000018c:	f00057b7          	lui	a5,0xf0005
10000190:	01c78793          	addi	a5,a5,28 # f000501c <_etext+0xe0004b1c>
10000194:	0007a023          	sw	zero,0(a5)
10000198:	f00057b7          	lui	a5,0xf0005
1000019c:	00c78793          	addi	a5,a5,12 # f000500c <_etext+0xe0004b0c>
100001a0:	00100713          	li	a4,1
100001a4:	00e7a023          	sw	a4,0(a5)
100001a8:	f00057b7          	lui	a5,0xf0005
100001ac:	01078793          	addi	a5,a5,16 # f0005010 <_etext+0xe0004b10>
100001b0:	0007a783          	lw	a5,0(a5)
100001b4:	00079863          	bnez	a5,100001c4 <isr+0x50>
100001b8:	00100713          	li	a4,1
100001bc:	00e01023          	sh	a4,0(zero) # 0 <__DYNAMIC>
100001c0:	0180006f          	j	100001d8 <isr+0x64>
100001c4:	f00057b7          	lui	a5,0xf0005
100001c8:	01c78793          	addi	a5,a5,28 # f000501c <_etext+0xe0004b1c>
100001cc:	00100713          	li	a4,1
100001d0:	00e7a023          	sw	a4,0(a5)
100001d4:	00000013          	nop
100001d8:	00c12083          	lw	ra,12(sp)
100001dc:	00812403          	lw	s0,8(sp)
100001e0:	01010113          	addi	sp,sp,16
100001e4:	00008067          	ret

100001e8 <flush_cpu_icache>:
100001e8:	ff010113          	addi	sp,sp,-16
100001ec:	00812623          	sw	s0,12(sp)
100001f0:	01010413          	addi	s0,sp,16
100001f4:	00000013          	nop
100001f8:	00c12403          	lw	s0,12(sp)
100001fc:	01010113          	addi	sp,sp,16
10000200:	00008067          	ret

10000204 <flush_cpu_dcache>:
10000204:	ff010113          	addi	sp,sp,-16
10000208:	00812623          	sw	s0,12(sp)
1000020c:	01010413          	addi	s0,sp,16
10000210:	00000013          	nop
10000214:	00c12403          	lw	s0,12(sp)
10000218:	01010113          	addi	sp,sp,16
1000021c:	00008067          	ret

10000220 <delay>:
10000220:	fe010113          	addi	sp,sp,-32
10000224:	00812e23          	sw	s0,28(sp)
10000228:	02010413          	addi	s0,sp,32
1000022c:	fea42623          	sw	a0,-20(s0)
10000230:	f00057b7          	lui	a5,0xf0005
10000234:	00878793          	addi	a5,a5,8 # f0005008 <_etext+0xe0004b08>
10000238:	0007a023          	sw	zero,0(a5)
1000023c:	f00057b7          	lui	a5,0xf0005
10000240:	fec42703          	lw	a4,-20(s0)
10000244:	00e7a023          	sw	a4,0(a5) # f0005000 <_etext+0xe0004b00>
10000248:	f00057b7          	lui	a5,0xf0005
1000024c:	00878793          	addi	a5,a5,8 # f0005008 <_etext+0xe0004b08>
10000250:	00100713          	li	a4,1
10000254:	00e7a023          	sw	a4,0(a5)
10000258:	f00057b7          	lui	a5,0xf0005
1000025c:	00c78793          	addi	a5,a5,12 # f000500c <_etext+0xe0004b0c>
10000260:	00100713          	li	a4,1
10000264:	00e7a023          	sw	a4,0(a5)
10000268:	0140006f          	j	1000027c <delay+0x5c>
1000026c:	f00057b7          	lui	a5,0xf0005
10000270:	00c78793          	addi	a5,a5,12 # f000500c <_etext+0xe0004b0c>
10000274:	00100713          	li	a4,1
10000278:	00e7a023          	sw	a4,0(a5)
1000027c:	f00057b7          	lui	a5,0xf0005
10000280:	01078793          	addi	a5,a5,16 # f0005010 <_etext+0xe0004b10>
10000284:	0007a783          	lw	a5,0(a5)
10000288:	fe0792e3          	bnez	a5,1000026c <delay+0x4c>
1000028c:	00000013          	nop
10000290:	01c12403          	lw	s0,28(sp)
10000294:	02010113          	addi	sp,sp,32
10000298:	00008067          	ret

1000029c <putchar>:
1000029c:	fe010113          	addi	sp,sp,-32
100002a0:	00112e23          	sw	ra,28(sp)
100002a4:	00812c23          	sw	s0,24(sp)
100002a8:	02010413          	addi	s0,sp,32
100002ac:	00050793          	mv	a5,a0
100002b0:	fef407a3          	sb	a5,-17(s0)
100002b4:	fef44703          	lbu	a4,-17(s0)
100002b8:	00a00793          	li	a5,10
100002bc:	00f71663          	bne	a4,a5,100002c8 <putchar+0x2c>
100002c0:	00d00513          	li	a0,13
100002c4:	fd9ff0ef          	jal	ra,1000029c <putchar>
100002c8:	00000013          	nop
100002cc:	f00067b7          	lui	a5,0xf0006
100002d0:	80478793          	addi	a5,a5,-2044 # f0005804 <_etext+0xe0005304>
100002d4:	0007a703          	lw	a4,0(a5)
100002d8:	00100793          	li	a5,1
100002dc:	fef708e3          	beq	a4,a5,100002cc <putchar+0x30>
100002e0:	f00067b7          	lui	a5,0xf0006
100002e4:	80078793          	addi	a5,a5,-2048 # f0005800 <_etext+0xe0005300>
100002e8:	fef44703          	lbu	a4,-17(s0)
100002ec:	00e7a023          	sw	a4,0(a5)
100002f0:	00000013          	nop
100002f4:	01c12083          	lw	ra,28(sp)
100002f8:	01812403          	lw	s0,24(sp)
100002fc:	02010113          	addi	sp,sp,32
10000300:	00008067          	ret

10000304 <print>:
10000304:	fe010113          	addi	sp,sp,-32
10000308:	00112e23          	sw	ra,28(sp)
1000030c:	00812c23          	sw	s0,24(sp)
10000310:	02010413          	addi	s0,sp,32
10000314:	fea42623          	sw	a0,-20(s0)
10000318:	01c0006f          	j	10000334 <print+0x30>
1000031c:	fec42783          	lw	a5,-20(s0)
10000320:	00178713          	addi	a4,a5,1
10000324:	fee42623          	sw	a4,-20(s0)
10000328:	0007c783          	lbu	a5,0(a5)
1000032c:	00078513          	mv	a0,a5
10000330:	f6dff0ef          	jal	ra,1000029c <putchar>
10000334:	fec42783          	lw	a5,-20(s0)
10000338:	0007c783          	lbu	a5,0(a5)
1000033c:	fe0790e3          	bnez	a5,1000031c <print+0x18>
10000340:	00000013          	nop
10000344:	01c12083          	lw	ra,28(sp)
10000348:	01812403          	lw	s0,24(sp)
1000034c:	02010113          	addi	sp,sp,32
10000350:	00008067          	ret

10000354 <main>:
10000354:	ff010113          	addi	sp,sp,-16
10000358:	00112623          	sw	ra,12(sp)
1000035c:	00812423          	sw	s0,8(sp)
10000360:	01010413          	addi	s0,sp,16
10000364:	f00037b7          	lui	a5,0xf0003
10000368:	80078793          	addi	a5,a5,-2048 # f0002800 <_etext+0xe0002300>
1000036c:	00100713          	li	a4,1
10000370:	00e7a023          	sw	a4,0(a5)
10000374:	f00037b7          	lui	a5,0xf0003
10000378:	80478793          	addi	a5,a5,-2044 # f0002804 <_etext+0xe0002304>
1000037c:	0007a023          	sw	zero,0(a5)
10000380:	f00037b7          	lui	a5,0xf0003
10000384:	80878793          	addi	a5,a5,-2040 # f0002808 <_etext+0xe0002308>
10000388:	00100713          	li	a4,1
1000038c:	00e7a023          	sw	a4,0(a5)
10000390:	f00037b7          	lui	a5,0xf0003
10000394:	80c78793          	addi	a5,a5,-2036 # f000280c <_etext+0xe000230c>
10000398:	00100713          	li	a4,1
1000039c:	00e7a023          	sw	a4,0(a5)
100003a0:	260007b7          	lui	a5,0x26000
100003a4:	03c78793          	addi	a5,a5,60 # 2600003c <_etext+0x15fffb3c>
100003a8:	00002737          	lui	a4,0x2
100003ac:	80970713          	addi	a4,a4,-2039 # 1809 <_fstack+0x1409>
100003b0:	00e7a023          	sw	a4,0(a5)
100003b4:	260007b7          	lui	a5,0x26000
100003b8:	03878793          	addi	a5,a5,56 # 26000038 <_etext+0x15fffb38>
100003bc:	00001737          	lui	a4,0x1
100003c0:	00370713          	addi	a4,a4,3 # 1003 <_fstack+0xc03>
100003c4:	00e7a023          	sw	a4,0(a5)
100003c8:	260007b7          	lui	a5,0x26000
100003cc:	03478793          	addi	a5,a5,52 # 26000034 <_etext+0x15fffb34>
100003d0:	00001737          	lui	a4,0x1
100003d4:	00370713          	addi	a4,a4,3 # 1003 <_fstack+0xc03>
100003d8:	00e7a023          	sw	a4,0(a5)
100003dc:	260007b7          	lui	a5,0x26000
100003e0:	03078793          	addi	a5,a5,48 # 26000030 <_etext+0x15fffb30>
100003e4:	00001737          	lui	a4,0x1
100003e8:	00370713          	addi	a4,a4,3 # 1003 <_fstack+0xc03>
100003ec:	00e7a023          	sw	a4,0(a5)
100003f0:	260007b7          	lui	a5,0x26000
100003f4:	02c78793          	addi	a5,a5,44 # 2600002c <_etext+0x15fffb2c>
100003f8:	00001737          	lui	a4,0x1
100003fc:	00370713          	addi	a4,a4,3 # 1003 <_fstack+0xc03>
10000400:	00e7a023          	sw	a4,0(a5)
10000404:	260007b7          	lui	a5,0x26000
10000408:	02878793          	addi	a5,a5,40 # 26000028 <_etext+0x15fffb28>
1000040c:	00002737          	lui	a4,0x2
10000410:	80970713          	addi	a4,a4,-2039 # 1809 <_fstack+0x1409>
10000414:	00e7a023          	sw	a4,0(a5)
10000418:	260007b7          	lui	a5,0x26000
1000041c:	02478793          	addi	a5,a5,36 # 26000024 <_etext+0x15fffb24>
10000420:	00001737          	lui	a4,0x1
10000424:	00370713          	addi	a4,a4,3 # 1003 <_fstack+0xc03>
10000428:	00e7a023          	sw	a4,0(a5)
1000042c:	f00067b7          	lui	a5,0xf0006
10000430:	00100713          	li	a4,1
10000434:	00e7a023          	sw	a4,0(a5) # f0006000 <_etext+0xe0005b00>
10000438:	f00037b7          	lui	a5,0xf0003
1000043c:	81478793          	addi	a5,a5,-2028 # f0002814 <_etext+0xe0002314>
10000440:	00100713          	li	a4,1
10000444:	00e7a023          	sw	a4,0(a5)
10000448:	009897b7          	lui	a5,0x989
1000044c:	68078513          	addi	a0,a5,1664 # 989680 <_fstack+0x989280>
10000450:	dd1ff0ef          	jal	ra,10000220 <delay>
10000454:	f00037b7          	lui	a5,0xf0003
10000458:	81478793          	addi	a5,a5,-2028 # f0002814 <_etext+0xe0002314>
1000045c:	0007a023          	sw	zero,0(a5)
10000460:	009897b7          	lui	a5,0x989
10000464:	68078513          	addi	a0,a5,1664 # 989680 <_fstack+0x989280>
10000468:	db9ff0ef          	jal	ra,10000220 <delay>
1000046c:	fcdff06f          	j	10000438 <main+0xe4>
	...

Disassembly of section .bss:

00000000 <flag>:
	...

Disassembly of section .riscv.attributes:

00000000 <.riscv.attributes>:
   0:	1b41                	addi	s6,s6,-16
   2:	0000                	unimp
   4:	7200                	flw	fs0,32(a2)
   6:	7369                	lui	t1,0xffffa
   8:	01007663          	bgeu	zero,a6,14 <_ebss+0xc>
   c:	0011                	c.nop	4
   e:	0000                	unimp
  10:	1004                	addi	s1,sp,32
  12:	7205                	lui	tp,0xfffe1
  14:	3376                	fld	ft6,376(sp)
  16:	6932                	flw	fs2,12(sp)
  18:	7032                	flw	ft0,44(sp)
  1a:	0030                	addi	a2,sp,8

Disassembly of section .comment:

00000000 <.comment>:
   0:	3a434347          	fmsub.d	ft6,ft6,ft4,ft7,rmm
   4:	2820                	fld	fs0,80(s0)
   6:	2029                	jal	10 <_ebss+0x8>
   8:	2e38                	fld	fa4,88(a2)
   a:	00302e33          	sgtz	t3,gp
